[16-09-2022 04:19:21] function LEAccount __construct:
No account found, attempting to create account.

[16-09-2022 04:19:23] function LEClient __construct:
LEClient finished constructing

[16-09-2022 04:19:23] function LEOrder __construct:
No order found for 'ciem-demo6.com'. Creating new order.

[16-09-2022 04:19:25] function createOrder (function LEOrder __construct):
Created order for 'ciem-demo6.com'.

[16-09-2022 04:19:27] function LEClient __construct:
LEClient finished constructing

[16-09-2022 04:19:30] function LEClient __construct:
LEClient finished constructing

[16-09-2022 04:19:40] function LEClient __construct:
LEClient finished constructing

[16-09-2022 04:20:29] function LEClient __construct:
LEClient finished constructing

[16-09-2022 04:20:33] function LEClient __construct:
LEClient finished constructing

[16-09-2022 04:20:35] function LEClient __construct:
LEClient finished constructing

[16-09-2022 04:20:48] function LEClient __construct:
LEClient finished constructing

[16-09-2022 04:20:51] function LEClient __construct:
LEClient finished constructing

[16-09-2022 04:20:53] function LEClient __construct:
LEClient finished constructing

[16-09-2022 04:20:58] function LEClient __construct:
LEClient finished constructing

[16-09-2022 04:21:01] function LEClient __construct:
LEClient finished constructing

[16-09-2022 04:21:05] function LEClient __construct:
LEClient finished constructing

[16-09-2022 04:21:10] function LEClient __construct:
LEClient finished constructing

[16-09-2022 04:21:13] function LEClient __construct:
LEClient finished constructing

[16-09-2022 04:21:16] function finalizeOrder:
Order for 'ciem-demo6.com' finalized.

[16-09-2022 04:21:18] function LEClient __construct:
LEClient finished constructing

[16-09-2022 04:21:19] function getCertificate:
Certificate for 'ciem-demo6.com' saved

[16-09-2022 04:21:19] function getCertificate:
Certificate for 'ciem-demo6.com' saved

