[29-Dec-2023 06:25:29 UTC] PHP Fatal error:  Uncaught Error: Undefined constant "url" in /home/e50eyhu8kk7z/public_html/zamineperu.com/wp-content/themes/zamine/templates/template-home.php:120
Stack trace:
#0 /home/e50eyhu8kk7z/public_html/zamineperu.com/wp-includes/template-loader.php(106): include()
#1 /home/e50eyhu8kk7z/public_html/zamineperu.com/wp-blog-header.php(19): require_once('/home/e50eyhu8k...')
#2 /home/e50eyhu8kk7z/public_html/zamineperu.com/index.php(17): require('/home/e50eyhu8k...')
#3 {main}
  thrown in /home/e50eyhu8kk7z/public_html/zamineperu.com/wp-content/themes/zamine/templates/template-home.php on line 120
[29-Dec-2023 06:28:07 UTC] PHP Fatal error:  Uncaught Error: Undefined constant "url" in /home/e50eyhu8kk7z/public_html/zamineperu.com/wp-content/themes/zamine/templates/template-home.php:34
Stack trace:
#0 /home/e50eyhu8kk7z/public_html/zamineperu.com/wp-includes/template-loader.php(106): include()
#1 /home/e50eyhu8kk7z/public_html/zamineperu.com/wp-blog-header.php(19): require_once('/home/e50eyhu8k...')
#2 /home/e50eyhu8kk7z/public_html/zamineperu.com/index.php(17): require('/home/e50eyhu8k...')
#3 {main}
  thrown in /home/e50eyhu8kk7z/public_html/zamineperu.com/wp-content/themes/zamine/templates/template-home.php on line 34
[29-Dec-2023 06:34:48 UTC] PHP Fatal error:  Uncaught Error: Undefined constant "url" in /home/e50eyhu8kk7z/public_html/zamineperu.com/wp-content/themes/zamine/templates/template-home.php:34
Stack trace:
#0 /home/e50eyhu8kk7z/public_html/zamineperu.com/wp-includes/template-loader.php(106): include()
#1 /home/e50eyhu8kk7z/public_html/zamineperu.com/wp-blog-header.php(19): require_once('/home/e50eyhu8k...')
#2 /home/e50eyhu8kk7z/public_html/zamineperu.com/index.php(17): require('/home/e50eyhu8k...')
#3 {main}
  thrown in /home/e50eyhu8kk7z/public_html/zamineperu.com/wp-content/themes/zamine/templates/template-home.php on line 34
[29-Dec-2023 06:35:17 UTC] PHP Fatal error:  Uncaught Error: Undefined constant "url" in /home/e50eyhu8kk7z/public_html/zamineperu.com/wp-content/themes/zamine/templates/template-home.php:34
Stack trace:
#0 /home/e50eyhu8kk7z/public_html/zamineperu.com/wp-includes/template-loader.php(106): include()
#1 /home/e50eyhu8kk7z/public_html/zamineperu.com/wp-blog-header.php(19): require_once('/home/e50eyhu8k...')
#2 /home/e50eyhu8kk7z/public_html/zamineperu.com/index.php(17): require('/home/e50eyhu8k...')
#3 {main}
  thrown in /home/e50eyhu8kk7z/public_html/zamineperu.com/wp-content/themes/zamine/templates/template-home.php on line 34
[29-Dec-2023 06:37:26 UTC] PHP Warning:  Use of undefined constant url - assumed 'url' (this will throw an Error in a future version of PHP) in /home/e50eyhu8kk7z/public_html/zamineperu.com/wp-content/themes/zamine/templates/template-home.php on line 34
[29-Dec-2023 06:37:26 UTC] PHP Warning:  Use of undefined constant url - assumed 'url' (this will throw an Error in a future version of PHP) in /home/e50eyhu8kk7z/public_html/zamineperu.com/wp-content/themes/zamine/templates/template-home.php on line 34
[29-Dec-2023 06:37:53 UTC] PHP Warning:  count(): Parameter must be an array or an object that implements Countable in /home/e50eyhu8kk7z/public_html/zamineperu.com/wp-content/themes/zamine/templates/template-componentes-para-mineria.php on line 87
[29-Dec-2023 06:37:55 UTC] PHP Warning:  Use of undefined constant url - assumed 'url' (this will throw an Error in a future version of PHP) in /home/e50eyhu8kk7z/public_html/zamineperu.com/wp-content/themes/zamine/templates/common/dos-columnas.php on line 62
[29-Dec-2023 06:37:55 UTC] PHP Notice:  Trying to access array offset on value of type bool in /home/e50eyhu8kk7z/public_html/zamineperu.com/wp-content/themes/zamine/templates/common/producto.php on line 17
[29-Dec-2023 06:37:55 UTC] PHP Notice:  Undefined variable: video_url_default in /home/e50eyhu8kk7z/public_html/zamineperu.com/wp-content/themes/zamine/templates/common/producto.php on line 56
[29-Dec-2023 06:37:55 UTC] PHP Warning:  Invalid argument supplied for foreach() in /home/e50eyhu8kk7z/public_html/zamineperu.com/wp-content/themes/zamine/templates/common/producto.php on line 59
[29-Dec-2023 06:38:36 UTC] PHP Fatal error:  Uncaught TypeError: count(): Argument #1 ($value) must be of type Countable|array, WP_Term given in /home/e50eyhu8kk7z/public_html/zamineperu.com/wp-content/themes/zamine/templates/template-componentes-para-mineria.php:87
Stack trace:
#0 /home/e50eyhu8kk7z/public_html/zamineperu.com/wp-includes/template-loader.php(106): include()
#1 /home/e50eyhu8kk7z/public_html/zamineperu.com/wp-blog-header.php(19): require_once('/home/e50eyhu8k...')
#2 /home/e50eyhu8kk7z/public_html/zamineperu.com/index.php(17): require('/home/e50eyhu8k...')
#3 {main}
  thrown in /home/e50eyhu8kk7z/public_html/zamineperu.com/wp-content/themes/zamine/templates/template-componentes-para-mineria.php on line 87
[29-Dec-2023 06:38:50 UTC] PHP Fatal error:  Uncaught Error: Undefined constant "url" in /home/e50eyhu8kk7z/public_html/zamineperu.com/wp-content/themes/zamine/templates/template-home.php:34
Stack trace:
#0 /home/e50eyhu8kk7z/public_html/zamineperu.com/wp-includes/template-loader.php(106): include()
#1 /home/e50eyhu8kk7z/public_html/zamineperu.com/wp-blog-header.php(19): require_once('/home/e50eyhu8k...')
#2 /home/e50eyhu8kk7z/public_html/zamineperu.com/index.php(17): require('/home/e50eyhu8k...')
#3 {main}
  thrown in /home/e50eyhu8kk7z/public_html/zamineperu.com/wp-content/themes/zamine/templates/template-home.php on line 34
[29-Dec-2023 06:39:18 UTC] PHP Fatal error:  Uncaught TypeError: count(): Argument #1 ($value) must be of type Countable|array, WP_Term given in /home/e50eyhu8kk7z/public_html/zamineperu.com/wp-content/themes/zamine/templates/template-hitachi-mining-principal.php:27
Stack trace:
#0 /home/e50eyhu8kk7z/public_html/zamineperu.com/wp-includes/template-loader.php(106): include()
#1 /home/e50eyhu8kk7z/public_html/zamineperu.com/wp-blog-header.php(19): require_once('/home/e50eyhu8k...')
#2 /home/e50eyhu8kk7z/public_html/zamineperu.com/index.php(17): require('/home/e50eyhu8k...')
#3 {main}
  thrown in /home/e50eyhu8kk7z/public_html/zamineperu.com/wp-content/themes/zamine/templates/template-hitachi-mining-principal.php on line 27
[29-Dec-2023 06:40:09 UTC] PHP Fatal error:  Uncaught TypeError: count(): Argument #1 ($value) must be of type Countable|array, WP_Term given in /home/e50eyhu8kk7z/public_html/zamineperu.com/wp-content/themes/zamine/templates/template-hitachi-mining-principal.php:27
Stack trace:
#0 /home/e50eyhu8kk7z/public_html/zamineperu.com/wp-includes/template-loader.php(106): include()
#1 /home/e50eyhu8kk7z/public_html/zamineperu.com/wp-blog-header.php(19): require_once('/home/e50eyhu8k...')
#2 /home/e50eyhu8kk7z/public_html/zamineperu.com/index.php(17): require('/home/e50eyhu8k...')
#3 {main}
  thrown in /home/e50eyhu8kk7z/public_html/zamineperu.com/wp-content/themes/zamine/templates/template-hitachi-mining-principal.php on line 27
[29-Dec-2023 06:40:42 UTC] PHP Warning:  count(): Parameter must be an array or an object that implements Countable in /home/e50eyhu8kk7z/public_html/zamineperu.com/wp-content/themes/zamine/templates/template-hitachi-mining-principal.php on line 27
[29-Dec-2023 06:40:44 UTC] PHP Warning:  Use of undefined constant url - assumed 'url' (this will throw an Error in a future version of PHP) in /home/e50eyhu8kk7z/public_html/zamineperu.com/wp-content/themes/zamine/templates/common/dos-columnas.php on line 62
[29-Dec-2023 06:40:44 UTC] PHP Notice:  Trying to access array offset on value of type bool in /home/e50eyhu8kk7z/public_html/zamineperu.com/wp-content/themes/zamine/templates/common/producto.php on line 17
[29-Dec-2023 06:40:44 UTC] PHP Notice:  Undefined variable: video_url_default in /home/e50eyhu8kk7z/public_html/zamineperu.com/wp-content/themes/zamine/templates/common/producto.php on line 56
[29-Dec-2023 06:40:44 UTC] PHP Warning:  Invalid argument supplied for foreach() in /home/e50eyhu8kk7z/public_html/zamineperu.com/wp-content/themes/zamine/templates/common/producto.php on line 59
[29-Dec-2023 06:41:02 UTC] PHP Warning:  count(): Parameter must be an array or an object that implements Countable in /home/e50eyhu8kk7z/public_html/zamineperu.com/wp-content/themes/zamine/templates/template-componentes-para-mineria.php on line 87
[29-Dec-2023 06:41:03 UTC] PHP Warning:  Use of undefined constant url - assumed 'url' (this will throw an Error in a future version of PHP) in /home/e50eyhu8kk7z/public_html/zamineperu.com/wp-content/themes/zamine/templates/common/dos-columnas.php on line 62
[29-Dec-2023 06:41:03 UTC] PHP Notice:  Trying to access array offset on value of type bool in /home/e50eyhu8kk7z/public_html/zamineperu.com/wp-content/themes/zamine/templates/common/producto.php on line 17
[29-Dec-2023 06:41:03 UTC] PHP Notice:  Undefined variable: video_url_default in /home/e50eyhu8kk7z/public_html/zamineperu.com/wp-content/themes/zamine/templates/common/producto.php on line 56
[29-Dec-2023 06:41:03 UTC] PHP Warning:  Invalid argument supplied for foreach() in /home/e50eyhu8kk7z/public_html/zamineperu.com/wp-content/themes/zamine/templates/common/producto.php on line 59
[29-Dec-2023 06:41:13 UTC] PHP Warning:  Use of undefined constant url - assumed 'url' (this will throw an Error in a future version of PHP) in /home/e50eyhu8kk7z/public_html/zamineperu.com/wp-content/themes/zamine/templates/common/dos-columnas.php on line 62
[29-Dec-2023 06:41:13 UTC] PHP Notice:  Trying to access array offset on value of type bool in /home/e50eyhu8kk7z/public_html/zamineperu.com/wp-content/themes/zamine/templates/common/producto.php on line 17
[29-Dec-2023 06:41:13 UTC] PHP Notice:  Undefined variable: video_url_default in /home/e50eyhu8kk7z/public_html/zamineperu.com/wp-content/themes/zamine/templates/common/producto.php on line 56
[29-Dec-2023 06:41:13 UTC] PHP Warning:  Invalid argument supplied for foreach() in /home/e50eyhu8kk7z/public_html/zamineperu.com/wp-content/themes/zamine/templates/common/producto.php on line 59
[29-Dec-2023 06:41:15 UTC] PHP Warning:  Use of undefined constant url - assumed 'url' (this will throw an Error in a future version of PHP) in /home/e50eyhu8kk7z/public_html/zamineperu.com/wp-content/themes/zamine/templates/common/dos-columnas.php on line 62
[29-Dec-2023 06:41:15 UTC] PHP Notice:  Trying to access array offset on value of type bool in /home/e50eyhu8kk7z/public_html/zamineperu.com/wp-content/themes/zamine/templates/common/producto.php on line 17
[29-Dec-2023 06:41:15 UTC] PHP Notice:  Undefined variable: video_url_default in /home/e50eyhu8kk7z/public_html/zamineperu.com/wp-content/themes/zamine/templates/common/producto.php on line 56
[29-Dec-2023 06:41:15 UTC] PHP Warning:  Invalid argument supplied for foreach() in /home/e50eyhu8kk7z/public_html/zamineperu.com/wp-content/themes/zamine/templates/common/producto.php on line 59
